[2026-02-23T13:49:25.9510877+01:00] INFO ========================================
[2026-02-23T13:49:25.9590285+01:00] INFO        SQUAWK SERVER INITIALIZING       
[2026-02-23T13:49:25.9592562+01:00] INFO ========================================
[2026-02-23T13:49:35.6325546+01:00] INFO [13:49:35] Game loop started
[2026-02-23T13:49:36.7581729+01:00] INFO 
[13:49:36] WebSocket Server ACTIVE on:
[2026-02-23T13:49:36.7645562+01:00] INFO  -> ws://0.0.0.0:5004
[2026-02-23T13:49:36.7669939+01:00] INFO  -> ws://localhost:5004
[2026-02-23T13:49:36.7692130+01:00] INFO ========================================
[2026-02-23T13:49:36.7726671+01:00] INFO 
[13:49:36] HTTP server ACTIVE on:
[2026-02-23T13:49:36.7750776+01:00] INFO  -> http://0.0.0.0:5006/
[2026-02-23T13:49:36.7770180+01:00] INFO  -> http://localhost:5006/
[2026-02-23T13:49:36.7770180+01:00] INFO  -> http://localhost:5006
[2026-02-23T13:49:38.7730746+01:00] INFO [13:49:38] Game loop stopping
[2026-02-23T13:49:39.2107905+01:00] INFO [13:49:39] WebSocket Server stopped
[2026-02-23T13:49:39.2140454+01:00] INFO [13:49:39] HTTP server stopped
[2026-02-23T14:09:36.4314634+01:00] INFO ========================================
[2026-02-23T14:09:36.4384949+01:00] INFO        SQUAWK SERVER INITIALIZING       
[2026-02-23T14:09:36.4390154+01:00] INFO ========================================
