[2026-02-23T13:21:02.6853449+01:00] INFO ========================================
[2026-02-23T13:21:02.6935190+01:00] INFO        SQUAWK SERVER INITIALIZING       
[2026-02-23T13:21:02.7001768+01:00] INFO ========================================
[2026-02-23T13:21:03.2727264+01:00] INFO 
[13:21:03] WebSocket Server ACTIVE on:
[2026-02-23T13:21:03.2731750+01:00] INFO  -> ws://0.0.0.0:5004
[2026-02-23T13:21:03.2799890+01:00] INFO  -> ws://localhost:5004
[2026-02-23T13:21:03.2860995+01:00] INFO ========================================
[2026-02-23T13:21:03.2949858+01:00] INFO [13:21:03] Game loop started
[2026-02-23T13:28:38.1022008+01:00] INFO ========================================
[2026-02-23T13:28:38.1103174+01:00] INFO        SQUAWK SERVER INITIALIZING       
[2026-02-23T13:28:38.1176641+01:00] INFO ========================================
[2026-02-23T13:29:51.5629359+01:00] INFO [13:29:51] Game loop started
[2026-02-23T13:29:53.7095194+01:00] INFO 
[13:29:53] WebSocket Server ACTIVE on:
[2026-02-23T13:29:53.7165140+01:00] INFO  -> ws://0.0.0.0:5004
[2026-02-23T13:29:53.7213205+01:00] INFO  -> ws://localhost:5004
[2026-02-23T13:29:53.7274912+01:00] INFO ========================================
[2026-02-23T13:29:53.7352824+01:00] INFO 
[13:29:53] HTTP server ACTIVE on:
[2026-02-23T13:29:53.7435442+01:00] INFO  -> http://0.0.0.0:5006/
[2026-02-23T13:29:53.7508123+01:00] INFO  -> http://localhost:5006/
[2026-02-23T13:37:06.2329943+01:00] INFO ========================================
[2026-02-23T13:37:06.2428814+01:00] INFO        SQUAWK SERVER INITIALIZING       
[2026-02-23T13:37:06.2432594+01:00] INFO ========================================
[2026-02-23T13:37:07.7924508+01:00] INFO [13:37:07] Game loop started
[2026-02-23T13:37:09.0809516+01:00] INFO 
[13:37:09] WebSocket Server ACTIVE on:
[2026-02-23T13:37:09.0851370+01:00] INFO  -> ws://0.0.0.0:5004
[2026-02-23T13:37:09.0879513+01:00] INFO  -> ws://localhost:5004
[2026-02-23T13:37:09.0910128+01:00] INFO ========================================
[2026-02-23T13:37:09.0939427+01:00] INFO 
[13:37:09] HTTP server ACTIVE on:
[2026-02-23T13:37:09.0964164+01:00] INFO  -> http://0.0.0.0:5006/
[2026-02-23T13:37:09.0991264+01:00] INFO  -> http://localhost:5006/
[2026-02-23T13:46:14.6670680+01:00] INFO ========================================
[2026-02-23T13:46:14.6747161+01:00] INFO        SQUAWK SERVER INITIALIZING       
[2026-02-23T13:46:14.6751332+01:00] INFO ========================================
